TN:
SF:C:\Users\LENOVO\Desktop\ContactApp\contactApp\src\polyfills.ts
FNF:0
FNH:0
LF:0
LH:0
BRF:0
BRH:0
end_of_record
TN:
SF:C:\Users\LENOVO\Desktop\ContactApp\contactApp\src\test.ts
FNF:0
FNH:0
DA:18,1
DA:23,1
DA:25,1
LF:3
LH:3
BRF:0
BRH:0
end_of_record
TN:
SF:C:\Users\LENOVO\Desktop\ContactApp\contactApp\src\app\app.component.ts
FN:8,(anonymous_0)
FNF:1
FNH:1
FNDA:2,(anonymous_0)
DA:8,1
DA:9,2
LF:2
LH:2
BRF:0
BRH:0
end_of_record
TN:
SF:C:\Users\LENOVO\Desktop\ContactApp\contactApp\src\app\Filters\contact.pipe.ts
FN:9,(anonymous_0)
FN:14,(anonymous_1)
FNF:2
FNH:1
FNDA:7,(anonymous_0)
FNDA:0,(anonymous_1)
DA:7,1
DA:10,7
DA:12,0
DA:13,0
DA:14,0
DA:16,0
LF:6
LH:2
BRDA:10,0,0,7
BRDA:10,0,1,0
BRDA:12,1,0,0
BRDA:12,1,1,0
BRDA:13,2,0,0
BRDA:13,2,1,0
BRDA:13,3,0,0
BRDA:13,3,1,0
BRDA:16,4,0,0
BRDA:16,4,1,0
BRDA:16,4,2,0
BRDA:16,4,3,0
BRDA:16,4,4,0
BRF:13
BRH:1
end_of_record
TN:
SF:C:\Users\LENOVO\Desktop\ContactApp\contactApp\src\app\Services\contact-list.service.ts
FN:17,(anonymous_0)
FN:19,(anonymous_1)
FN:28,(anonymous_2)
FN:32,(anonymous_3)
FN:36,(anonymous_4)
FN:40,(anonymous_5)
FN:44,(anonymous_6)
FN:48,(anonymous_7)
FN:52,(anonymous_8)
FN:56,(anonymous_9)
FNF:10
FNH:9
FNDA:10,(anonymous_0)
FNDA:7,(anonymous_1)
FNDA:1,(anonymous_2)
FNDA:2,(anonymous_3)
FNDA:4,(anonymous_4)
FNDA:1,(anonymous_5)
FNDA:0,(anonymous_6)
FNDA:1,(anonymous_7)
FNDA:1,(anonymous_8)
FNDA:1,(anonymous_9)
DA:9,1
DA:11,10
DA:12,10
DA:13,10
DA:15,10
DA:17,10
DA:20,7
DA:21,0
DA:24,7
DA:29,1
DA:33,2
DA:37,4
DA:41,1
DA:45,0
DA:49,1
DA:53,1
DA:57,1
LF:17
LH:15
BRDA:20,0,0,0
BRDA:20,0,1,7
BRF:2
BRH:1
end_of_record
TN:
SF:C:\Users\LENOVO\Desktop\ContactApp\contactApp\src\app\home\home.component.ts
FN:10,(anonymous_0)
FN:12,(anonymous_1)
FNF:2
FNH:2
FNDA:1,(anonymous_0)
FNDA:1,(anonymous_1)
DA:8,1
LF:1
LH:1
BRF:0
BRH:0
end_of_record
TN:
SF:C:\Users\LENOVO\Desktop\ContactApp\contactApp\src\app\home\add-edit-contact\add-edit-contact.component.ts
FN:22,(anonymous_0)
FN:24,(anonymous_1)
FN:38,(anonymous_2)
FN:50,(anonymous_3)
FNF:4
FNH:4
FNDA:3,(anonymous_0)
FNDA:4,(anonymous_1)
FNDA:2,(anonymous_2)
FNDA:2,(anonymous_3)
DA:11,1
DA:14,3
DA:22,3
DA:25,4
DA:26,4
DA:27,0
DA:28,0
DA:39,2
DA:40,1
DA:41,1
DA:44,1
DA:45,1
DA:47,2
DA:51,2
LF:14
LH:12
BRDA:26,0,0,0
BRDA:26,0,1,4
BRDA:33,1,0,0
BRDA:33,1,1,0
BRDA:39,2,0,1
BRDA:39,2,1,1
BRDA:40,3,0,0
BRDA:40,3,1,1
BRDA:44,4,0,1
BRDA:44,4,1,0
BRF:10
BRH:5
end_of_record
TN:
SF:C:\Users\LENOVO\Desktop\ContactApp\contactApp\src\app\home\view-contacts\view-contacts.component.ts
FN:17,(anonymous_0)
FN:19,(anonymous_1)
FN:22,(anonymous_2)
FN:29,(anonymous_3)
FN:33,(anonymous_4)
FN:37,(anonymous_5)
FN:41,(anonymous_6)
FN:46,(anonymous_7)
FNF:8
FNH:8
FNDA:7,(anonymous_0)
FNDA:8,(anonymous_1)
FNDA:1,(anonymous_2)
FNDA:1,(anonymous_3)
FNDA:1,(anonymous_4)
FNDA:1,(anonymous_5)
FNDA:1,(anonymous_6)
FNDA:1,(anonymous_7)
DA:11,1
DA:17,7
DA:21,8
DA:23,1
DA:24,1
DA:30,1
DA:34,1
DA:38,1
DA:42,1
DA:43,1
DA:47,1
DA:48,1
DA:49,1
DA:50,1
LF:14
LH:14
BRF:0
BRH:0
end_of_record
